mode: set
github.com/example-inc/memcached-operator/controllers/memcached_controller.go:59.80,66.16 5 0
github.com/example-inc/memcached-operator/controllers/memcached_controller.go:80.2,82.42 3 0
github.com/example-inc/memcached-operator/controllers/memcached_controller.go:99.2,100.34 2 0
github.com/example-inc/memcached-operator/controllers/memcached_controller.go:113.2,118.57 3 0
github.com/example-inc/memcached-operator/controllers/memcached_controller.go:122.2,125.58 2 0
github.com/example-inc/memcached-operator/controllers/memcached_controller.go:134.2,134.27 1 0
github.com/example-inc/memcached-operator/controllers/memcached_controller.go:66.16,67.29 1 0
github.com/example-inc/memcached-operator/controllers/memcached_controller.go:75.3,76.28 2 0
github.com/example-inc/memcached-operator/controllers/memcached_controller.go:67.29,73.4 2 0
github.com/example-inc/memcached-operator/controllers/memcached_controller.go:82.42,87.17 4 0
github.com/example-inc/memcached-operator/controllers/memcached_controller.go:92.3,92.41 1 0
github.com/example-inc/memcached-operator/controllers/memcached_controller.go:87.17,90.4 2 0
github.com/example-inc/memcached-operator/controllers/memcached_controller.go:93.8,93.23 1 0
github.com/example-inc/memcached-operator/controllers/memcached_controller.go:93.23,96.3 2 0
github.com/example-inc/memcached-operator/controllers/memcached_controller.go:100.34,103.17 3 0
github.com/example-inc/memcached-operator/controllers/memcached_controller.go:108.3,108.41 1 0
github.com/example-inc/memcached-operator/controllers/memcached_controller.go:103.17,106.4 2 0
github.com/example-inc/memcached-operator/controllers/memcached_controller.go:118.57,121.3 2 0
github.com/example-inc/memcached-operator/controllers/memcached_controller.go:125.58,128.17 3 0
github.com/example-inc/memcached-operator/controllers/memcached_controller.go:128.17,131.4 2 0
github.com/example-inc/memcached-operator/controllers/memcached_controller.go:138.101,173.2 5 0
github.com/example-inc/memcached-operator/controllers/memcached_controller.go:177.56,179.2 1 0
github.com/example-inc/memcached-operator/controllers/memcached_controller.go:182.46,184.27 2 0
github.com/example-inc/memcached-operator/controllers/memcached_controller.go:187.2,187.17 1 0
github.com/example-inc/memcached-operator/controllers/memcached_controller.go:184.27,186.3 1 0
github.com/example-inc/memcached-operator/controllers/memcached_controller.go:190.72,195.16 3 0
github.com/example-inc/memcached-operator/controllers/memcached_controller.go:199.2,201.30 2 0
github.com/example-inc/memcached-operator/controllers/memcached_controller.go:209.2,209.47 1 0
github.com/example-inc/memcached-operator/controllers/memcached_controller.go:213.2,219.12 2 0
github.com/example-inc/memcached-operator/controllers/memcached_controller.go:195.16,197.3 1 0
github.com/example-inc/memcached-operator/controllers/memcached_controller.go:201.30,205.18 1 0
github.com/example-inc/memcached-operator/controllers/memcached_controller.go:205.18,207.4 1 0
github.com/example-inc/memcached-operator/controllers/memcached_controller.go:209.47,211.3 1 0
github.com/example-inc/memcached-operator/controllers/memcached_controller.go:222.93,224.30 2 0
github.com/example-inc/memcached-operator/controllers/memcached_controller.go:228.2,234.16 3 0
github.com/example-inc/memcached-operator/controllers/memcached_controller.go:254.2,254.12 1 0
github.com/example-inc/memcached-operator/controllers/memcached_controller.go:224.30,226.3 1 0
github.com/example-inc/memcached-operator/controllers/memcached_controller.go:234.16,236.3 1 0
