mode: set
github.com/bharathi-tenneti/memcached-operator-metrics/controllers/memcached_controller.go:54.80,62.16 5 0
github.com/bharathi-tenneti/memcached-operator-metrics/controllers/memcached_controller.go:75.2,80.22 3 0
github.com/bharathi-tenneti/memcached-operator-metrics/controllers/memcached_controller.go:84.2,84.81 1 0
github.com/bharathi-tenneti/memcached-operator-metrics/controllers/memcached_controller.go:94.2,100.42 5 0
github.com/bharathi-tenneti/memcached-operator-metrics/controllers/memcached_controller.go:120.2,121.34 2 0
github.com/bharathi-tenneti/memcached-operator-metrics/controllers/memcached_controller.go:137.2,142.57 3 0
github.com/bharathi-tenneti/memcached-operator-metrics/controllers/memcached_controller.go:146.2,149.58 2 0
github.com/bharathi-tenneti/memcached-operator-metrics/controllers/memcached_controller.go:158.2,158.27 1 0
github.com/bharathi-tenneti/memcached-operator-metrics/controllers/memcached_controller.go:62.16,63.29 1 0
github.com/bharathi-tenneti/memcached-operator-metrics/controllers/memcached_controller.go:71.3,72.28 2 0
github.com/bharathi-tenneti/memcached-operator-metrics/controllers/memcached_controller.go:63.29,69.4 2 0
github.com/bharathi-tenneti/memcached-operator-metrics/controllers/memcached_controller.go:80.22,81.19 1 0
github.com/bharathi-tenneti/memcached-operator-metrics/controllers/memcached_controller.go:84.81,85.47 1 0
github.com/bharathi-tenneti/memcached-operator-metrics/controllers/memcached_controller.go:85.47,86.30 1 0
github.com/bharathi-tenneti/memcached-operator-metrics/controllers/memcached_controller.go:86.30,90.5 3 0
github.com/bharathi-tenneti/memcached-operator-metrics/controllers/memcached_controller.go:100.42,105.17 4 0
github.com/bharathi-tenneti/memcached-operator-metrics/controllers/memcached_controller.go:110.3,113.41 2 0
github.com/bharathi-tenneti/memcached-operator-metrics/controllers/memcached_controller.go:105.17,108.4 2 0
github.com/bharathi-tenneti/memcached-operator-metrics/controllers/memcached_controller.go:114.8,114.23 1 0
github.com/bharathi-tenneti/memcached-operator-metrics/controllers/memcached_controller.go:114.23,117.3 2 0
github.com/bharathi-tenneti/memcached-operator-metrics/controllers/memcached_controller.go:121.34,124.17 3 0
github.com/bharathi-tenneti/memcached-operator-metrics/controllers/memcached_controller.go:129.3,132.41 2 0
github.com/bharathi-tenneti/memcached-operator-metrics/controllers/memcached_controller.go:124.17,127.4 2 0
github.com/bharathi-tenneti/memcached-operator-metrics/controllers/memcached_controller.go:142.57,145.3 2 0
github.com/bharathi-tenneti/memcached-operator-metrics/controllers/memcached_controller.go:149.58,152.17 3 0
github.com/bharathi-tenneti/memcached-operator-metrics/controllers/memcached_controller.go:152.17,155.4 2 0
github.com/bharathi-tenneti/memcached-operator-metrics/controllers/memcached_controller.go:162.101,197.2 5 0
github.com/bharathi-tenneti/memcached-operator-metrics/controllers/memcached_controller.go:201.56,203.2 1 0
github.com/bharathi-tenneti/memcached-operator-metrics/controllers/memcached_controller.go:206.46,208.27 2 0
github.com/bharathi-tenneti/memcached-operator-metrics/controllers/memcached_controller.go:211.2,211.17 1 0
github.com/bharathi-tenneti/memcached-operator-metrics/controllers/memcached_controller.go:208.27,210.3 1 0
github.com/bharathi-tenneti/memcached-operator-metrics/controllers/memcached_controller.go:214.98,220.2 1 0
github.com/bharathi-tenneti/memcached-operator-metrics/controllers/memcached_metrics_controller.go:49.87,57.16 5 0
github.com/bharathi-tenneti/memcached-operator-metrics/controllers/memcached_metrics_controller.go:70.2,77.22 3 0
github.com/bharathi-tenneti/memcached-operator-metrics/controllers/memcached_metrics_controller.go:81.2,81.81 1 0
github.com/bharathi-tenneti/memcached-operator-metrics/controllers/memcached_metrics_controller.go:91.2,97.42 5 0
github.com/bharathi-tenneti/memcached-operator-metrics/controllers/memcached_metrics_controller.go:108.2,109.34 2 0
github.com/bharathi-tenneti/memcached-operator-metrics/controllers/memcached_metrics_controller.go:119.2,119.27 1 0
github.com/bharathi-tenneti/memcached-operator-metrics/controllers/memcached_metrics_controller.go:57.16,58.29 1 0
github.com/bharathi-tenneti/memcached-operator-metrics/controllers/memcached_metrics_controller.go:66.3,67.28 2 0
github.com/bharathi-tenneti/memcached-operator-metrics/controllers/memcached_metrics_controller.go:58.29,64.4 2 0
github.com/bharathi-tenneti/memcached-operator-metrics/controllers/memcached_metrics_controller.go:77.22,78.19 1 0
github.com/bharathi-tenneti/memcached-operator-metrics/controllers/memcached_metrics_controller.go:81.81,82.47 1 0
github.com/bharathi-tenneti/memcached-operator-metrics/controllers/memcached_metrics_controller.go:82.47,83.38 1 0
github.com/bharathi-tenneti/memcached-operator-metrics/controllers/memcached_metrics_controller.go:83.38,87.5 3 0
github.com/bharathi-tenneti/memcached-operator-metrics/controllers/memcached_metrics_controller.go:97.42,103.3 2 0
github.com/bharathi-tenneti/memcached-operator-metrics/controllers/memcached_metrics_controller.go:103.8,103.23 1 0
github.com/bharathi-tenneti/memcached-operator-metrics/controllers/memcached_metrics_controller.go:103.23,106.3 2 0
github.com/bharathi-tenneti/memcached-operator-metrics/controllers/memcached_metrics_controller.go:109.34,117.3 3 0
github.com/bharathi-tenneti/memcached-operator-metrics/controllers/memcached_metrics_controller.go:123.79,129.2 1 0
